<?xml version="1.0" encoding="UTF-8"?>
<testsuites name="jest tests" tests="13" failures="0" errors="0" time="2.031">
  <testsuite name="Table" errors="0" failures="0" skipped="0" timestamp="2021-10-31T06:16:19" time="1.343" tests="13">
    <testcase classname="Table render" name="Table render" time="0.019">
    </testcase>
    <testcase classname="Table props emptyText" name="Table props emptyText" time="0.014">
    </testcase>
    <testcase classname="Table props dataSource empty" name="Table props dataSource empty" time="0.004">
    </testcase>
    <testcase classname="Table props showIndex" name="Table props showIndex" time="0.006">
    </testcase>
    <testcase classname="Table props showIndex" name="Table props showIndex" time="0.006">
    </testcase>
    <testcase classname="Table props pagination" name="Table props pagination" time="0.006">
    </testcase>
    <testcase classname="Table props pagination" name="Table props pagination" time="0.003">
    </testcase>
    <testcase classname="Table props tbody tr" name="Table props tbody tr" time="0.012">
    </testcase>
    <testcase classname="Table props tbody tr" name="Table props tbody tr" time="0.014">
    </testcase>
    <testcase classname="Table props showHeader" name="Table props showHeader" time="0.018">
    </testcase>
    <testcase classname="Table props showHeader" name="Table props showHeader" time="0.016">
    </testcase>
    <testcase classname="Table props pagination" name="Table props pagination" time="0.074">
    </testcase>
    <testcase classname="Table props pagination" name="Table props pagination" time="0.058">
    </testcase>
  </testsuite>
</testsuites>